<?xml version="1.0" encoding="UTF-8"?>
<testsuite xmlns:xsi="http://www.w3.org/2001/XMLSchema-instance" xsi:noNamespaceSchemaLocation="https://maven.apache.org/surefire/maven-surefire-plugin/xsd/surefire-test-report-3.0.xsd" version="3.0" name="com.backend.backend.BackendApplicationTests" time="4.656" tests="1" errors="0" skipped="0" failures="0">
  <properties>
[...]
</properties>
  <testcase name="contextLoads" classname="com.backend.backend.BackendApplicationTests" time="1.168">
    <system-out><![CDATA[10:45:24.964 [main] INFO org.springframework.test.context.support.AnnotationConfigContextLoaderUtils -- Could not detect default configuration classes for test class [com.backend.backend.BackendApplicationTests]: BackendApplicationTests does not declare any static, non-private, non-final, nested classes annotated with @Configuration.
10:45:25.082 [main] INFO org.springframework.boot.test.context.SpringBootTestContextBootstrapper -- Found @SpringBootConfiguration com.backend.backend.BackendApplication for test class com.backend.backend.BackendApplicationTests

  .   ____          _            __ _ _
 /\\ / ___'_ __ _ _(_)_ __  __ _ \ \ \ \
( ( )\___ | '_ | '_| | '_ \/ _` | \ \ \ \
 \\/  ___)| |_)| | | | | || (_| |  ) ) ) )
  '  |____| .__|_| |_|_| |_\__, | / / / /
 =========|_|==============|___/=/_/_/_/
 :: Spring Boot ::                (v3.1.8)

2024-02-10T10:45:25.657+06:30  INFO 748 --- [           main] c.b.backend.BackendApplicationTests      : Starting BackendApplicationTests using Java 17.0.7 with PID 748 (started by Acer in E:\GitHub\emp-system-using-react-and-spring-boot\backend)
2024-02-10T10:45:25.659+06:30  INFO 748 --- [           main] c.b.backend.BackendApplicationTests      : No active profile set, falling back to 1 default profile: "default"
2024-02-10T10:45:28.221+06:30  INFO 748 --- [           main] c.b.backend.BackendApplicationTests      : Started BackendApplicationTests in 2.91 seconds (process running for 4.395)
]]></system-out>
  </testcase>
</testsuite>