<?xml version="1.0" encoding="UTF-8"?>
<testsuite xmlns:xsi="http://www.w3.org/2001/XMLSchema-instance" xsi:noNamespaceSchemaLocation="https://maven.apache.org/surefire/maven-surefire-plugin/xsd/surefire-test-report-3.0.xsd" version="3.0" name="com.backend.backend.BackendApplicationTests" time="4.107" tests="1" errors="0" skipped="0" failures="0">
  <properties>
[...]
</properties>
  <testcase name="contextLoads" classname="com.backend.backend.BackendApplicationTests" time="0.968">
    <system-out><![CDATA[21:42:21.884 [main] INFO org.springframework.test.context.support.AnnotationConfigContextLoaderUtils -- Could not detect default configuration classes for test class [com.backend.backend.BackendApplicationTests]: BackendApplicationTests does not declare any static, non-private, non-final, nested classes annotated with @Configuration.
21:42:21.972 [main] INFO org.springframework.boot.test.context.SpringBootTestContextBootstrapper -- Found @SpringBootConfiguration com.backend.backend.BackendApplication for test class com.backend.backend.BackendApplicationTests

  .   ____          _            __ _ _
 /\\ / ___'_ __ _ _(_)_ __  __ _ \ \ \ \
( ( )\___ | '_ | '_| | '_ \/ _` | \ \ \ \
 \\/  ___)| |_)| | | | | || (_| |  ) ) ) )
  '  |____| .__|_| |_|_| |_\__, | / / / /
 =========|_|==============|___/=/_/_/_/
 :: Spring Boot ::                (v3.1.8)

2024-11-22T21:42:22.424+06:30  INFO 4668 --- [           main] c.b.backend.BackendApplicationTests      : Starting BackendApplicationTests using Java 17.0.10 with PID 4668 (started by window 10 in E:\projects\emp-system-using-react-and-spring-boot\backend)
2024-11-22T21:42:22.425+06:30  INFO 4668 --- [           main] c.b.backend.BackendApplicationTests      : No active profile set, falling back to 1 default profile: "default"
2024-11-22T21:42:24.465+06:30  INFO 4668 --- [           main] o.s.s.web.DefaultSecurityFilterChain     : Will secure any request with [org.springframework.security.web.session.DisableEncodeUrlFilter@20d19f2c, org.springframework.security.web.context.request.async.WebAsyncManagerIntegrationFilter@45592af7, org.springframework.security.web.context.SecurityContextHolderFilter@6371cf2f, org.springframework.security.web.header.HeaderWriterFilter@64518270, org.springframework.security.web.authentication.logout.LogoutFilter@61f377d1, com.backend.backend.config.JwtAuthenticationFilter@77b5148c, org.springframework.security.web.authentication.UsernamePasswordAuthenticationFilter@4f1fb828, org.springframework.security.web.savedrequest.RequestCacheAwareFilter@52b959df, org.springframework.security.web.servletapi.SecurityContextHolderAwareRequestFilter@1ac730cd, org.springframework.security.web.authentication.AnonymousAuthenticationFilter@36359723, org.springframework.security.web.access.ExceptionTranslationFilter@35eee641, org.springframework.security.web.access.intercept.AuthorizationFilter@ccd341d]
2024-11-22T21:42:24.823+06:30  INFO 4668 --- [           main] c.b.backend.BackendApplicationTests      : Started BackendApplicationTests in 2.626 seconds (process running for 3.658)
]]></system-out>
  </testcase>
</testsuite>